<?xml version="1.0" encoding="UTF-8"?>
<coverage generated="1630057098775" clover="3.2.0">
  <project timestamp="1630057098775" name="All files">
    <metrics statements="105" coveredstatements="85" conditionals="102" coveredconditionals="57" methods="19" coveredmethods="19" elements="226" coveredelements="161" complexity="0" loc="105" ncloc="105" packages="1" files="1" classes="1"/>
    <file name="index.js" path="/Users/Lee/Documents/Coding/upn-five-tasks/Task 5/index.js">
      <metrics statements="105" coveredstatements="85" conditionals="102" coveredconditionals="57" methods="19" coveredmethods="19"/>
      <line num="1" count="1" type="stmt"/>
      <line num="2" count="1" type="stmt"/>
      <line num="18" count="1" type="stmt"/>
      <line num="19" count="4" type="stmt"/>
      <line num="20" count="208" type="stmt"/>
      <line num="21" count="16" type="stmt"/>
      <line num="24" count="4" type="stmt"/>
      <line num="27" count="661" type="stmt"/>
      <line num="29" count="1" type="stmt"/>
      <line num="30" count="2" type="stmt"/>
      <line num="32" count="10" type="stmt"/>
      <line num="33" count="10" type="stmt"/>
      <line num="35" count="2" type="stmt"/>
      <line num="37" count="10" type="stmt"/>
      <line num="38" count="10" type="stmt"/>
      <line num="40" count="2" type="stmt"/>
      <line num="43" count="1" type="stmt"/>
      <line num="44" count="10" type="stmt"/>
      <line num="45" count="50" type="cond" truecount="2" falsecount="0"/>
      <line num="46" count="12" type="stmt"/>
      <line num="48" count="38" type="stmt"/>
      <line num="51" count="50" type="stmt"/>
      <line num="54" count="10" type="stmt"/>
      <line num="57" count="1" type="stmt"/>
      <line num="58" count="3" type="stmt"/>
      <line num="59" count="3" type="stmt"/>
      <line num="60" count="15" type="cond" truecount="2" falsecount="0"/>
      <line num="62" count="3" type="stmt"/>
      <line num="63" count="3" type="cond" truecount="6" falsecount="0"/>
      <line num="64" count="1" type="stmt"/>
      <line num="66" count="2" type="stmt"/>
      <line num="69" count="1" type="stmt"/>
      <line num="70" count="5" type="stmt"/>
      <line num="72" count="5" type="stmt"/>
      <line num="73" count="25" type="stmt"/>
      <line num="74" count="25" type="cond" truecount="2" falsecount="0"/>
      <line num="75" count="9" type="stmt"/>
      <line num="79" count="5" type="stmt"/>
      <line num="82" count="1" type="stmt"/>
      <line num="83" count="4" type="stmt"/>
      <line num="84" count="4" type="stmt"/>
      <line num="85" count="20" type="cond" truecount="2" falsecount="0"/>
      <line num="87" count="4" type="stmt"/>
      <line num="88" count="17" type="cond" truecount="2" falsecount="0"/>
      <line num="89" count="1" type="stmt"/>
      <line num="91" count="3" type="stmt"/>
      <line num="95" count="1" type="stmt"/>
      <line num="97" count="1" type="stmt"/>
      <line num="98" count="1" type="stmt"/>
      <line num="100" count="1" type="cond" truecount="2" falsecount="2"/>
      <line num="101" count="0" type="stmt"/>
      <line num="104" count="1" type="cond" truecount="2" falsecount="2"/>
      <line num="105" count="0" type="stmt"/>
      <line num="108" count="1" type="cond" truecount="3" falsecount="1"/>
      <line num="109" count="0" type="stmt"/>
      <line num="113" count="1" type="stmt"/>
      <line num="114" count="1" type="stmt"/>
      <line num="116" count="1" type="cond" truecount="2" falsecount="2"/>
      <line num="117" count="0" type="stmt"/>
      <line num="120" count="1" type="cond" truecount="2" falsecount="2"/>
      <line num="121" count="0" type="stmt"/>
      <line num="124" count="1" type="cond" truecount="3" falsecount="1"/>
      <line num="125" count="0" type="stmt"/>
      <line num="129" count="1" type="stmt"/>
      <line num="130" count="1" type="stmt"/>
      <line num="132" count="1" type="cond" truecount="2" falsecount="2"/>
      <line num="133" count="0" type="stmt"/>
      <line num="136" count="1" type="cond" truecount="2" falsecount="2"/>
      <line num="137" count="0" type="stmt"/>
      <line num="140" count="1" type="cond" truecount="3" falsecount="1"/>
      <line num="141" count="0" type="stmt"/>
      <line num="145" count="1" type="stmt"/>
      <line num="146" count="1" type="stmt"/>
      <line num="148" count="1" type="cond" truecount="2" falsecount="2"/>
      <line num="149" count="0" type="stmt"/>
      <line num="152" count="1" type="cond" truecount="2" falsecount="2"/>
      <line num="153" count="0" type="stmt"/>
      <line num="156" count="1" type="cond" truecount="3" falsecount="1"/>
      <line num="157" count="0" type="stmt"/>
      <line num="162" count="1" type="stmt"/>
      <line num="163" count="1" type="stmt"/>
      <line num="165" count="1" type="cond" truecount="2" falsecount="2"/>
      <line num="166" count="0" type="stmt"/>
      <line num="169" count="1" type="cond" truecount="2" falsecount="2"/>
      <line num="170" count="0" type="stmt"/>
      <line num="173" count="1" type="cond" truecount="3" falsecount="1"/>
      <line num="174" count="0" type="stmt"/>
      <line num="178" count="1" type="stmt"/>
      <line num="179" count="1" type="stmt"/>
      <line num="181" count="1" type="cond" truecount="3" falsecount="1"/>
      <line num="182" count="0" type="stmt"/>
      <line num="185" count="1" type="cond" truecount="3" falsecount="1"/>
      <line num="186" count="1" type="stmt"/>
      <line num="189" count="0" type="cond" truecount="0" falsecount="4"/>
      <line num="190" count="0" type="stmt"/>
      <line num="194" count="0" type="cond" truecount="0" falsecount="2"/>
      <line num="208" count="0" type="stmt"/>
      <line num="212" count="1" type="stmt"/>
      <line num="214" count="1" type="stmt"/>
      <line num="217" count="1" type="stmt"/>
      <line num="220" count="1" type="stmt"/>
      <line num="222" count="1" type="stmt"/>
      <line num="224" count="1" type="stmt"/>
      <line num="227" count="1" type="stmt"/>
      <line num="229" count="1" type="stmt"/>
    </file>
  </project>
</coverage>
