{"/Users/Lee/Documents/Coding/upn-five-tasks/Task 5/index.js": {"path":"/Users/Lee/Documents/Coding/upn-five-tasks/Task 5/index.js","statementMap":{"0":{"start":{"line":1,"column":14},"end":{"line":1,"column":55}},"1":{"start":{"line":2,"column":15},"end":{"line":16,"column":1}},"2":{"start":{"line":18,"column":19},"end":{"line":25,"column":1}},"3":{"start":{"line":19,"column":15},"end":{"line":22,"column":8}},"4":{"start":{"line":20,"column":24},"end":{"line":20,"column":79}},"5":{"start":{"line":20,"column":62},"end":{"line":20,"column":78}},"6":{"start":{"line":21,"column":4},"end":{"line":21,"column":36}},"7":{"start":{"line":24,"column":2},"end":{"line":24,"column":14}},"8":{"start":{"line":27,"column":20},"end":{"line":27,"column":71}},"9":{"start":{"line":27,"column":30},"end":{"line":27,"column":71}},"10":{"start":{"line":27,"column":51},"end":{"line":27,"column":70}},"11":{"start":{"line":29,"column":24},"end":{"line":41,"column":1}},"12":{"start":{"line":30,"column":18},"end":{"line":33,"column":46}},"13":{"start":{"line":32,"column":15},"end":{"line":32,"column":73}},"14":{"start":{"line":33,"column":19},"end":{"line":33,"column":45}},"15":{"start":{"line":35,"column":18},"end":{"line":38,"column":46}},"16":{"start":{"line":37,"column":15},"end":{"line":37,"column":73}},"17":{"start":{"line":38,"column":19},"end":{"line":38,"column":45}},"18":{"start":{"line":40,"column":2},"end":{"line":40,"column":28}},"19":{"start":{"line":43,"column":17},"end":{"line":55,"column":1}},"20":{"start":{"line":44,"column":18},"end":{"line":52,"column":8}},"21":{"start":{"line":45,"column":4},"end":{"line":49,"column":5}},"22":{"start":{"line":46,"column":6},"end":{"line":46,"column":21}},"23":{"start":{"line":48,"column":6},"end":{"line":48,"column":20}},"24":{"start":{"line":51,"column":4},"end":{"line":51,"column":15}},"25":{"start":{"line":54,"column":2},"end":{"line":54,"column":47}},"26":{"start":{"line":57,"column":20},"end":{"line":67,"column":1}},"27":{"start":{"line":58,"column":17},"end":{"line":58,"column":19}},"28":{"start":{"line":59,"column":2},"end":{"line":61,"column":3}},"29":{"start":{"line":60,"column":4},"end":{"line":60,"column":41}},"30":{"start":{"line":62,"column":13},"end":{"line":62,"column":36}},"31":{"start":{"line":63,"column":2},"end":{"line":65,"column":3}},"32":{"start":{"line":64,"column":4},"end":{"line":64,"column":16}},"33":{"start":{"line":66,"column":2},"end":{"line":66,"column":15}},"34":{"start":{"line":69,"column":24},"end":{"line":80,"column":1}},"35":{"start":{"line":70,"column":16},"end":{"line":70,"column":17}},"36":{"start":{"line":72,"column":2},"end":{"line":77,"column":5}},"37":{"start":{"line":73,"column":21},"end":{"line":73,"column":37}},"38":{"start":{"line":74,"column":4},"end":{"line":76,"column":5}},"39":{"start":{"line":75,"column":6},"end":{"line":75,"column":16}},"40":{"start":{"line":79,"column":2},"end":{"line":79,"column":23}},"41":{"start":{"line":82,"column":19},"end":{"line":93,"column":1}},"42":{"start":{"line":83,"column":17},"end":{"line":83,"column":19}},"43":{"start":{"line":84,"column":2},"end":{"line":86,"column":3}},"44":{"start":{"line":85,"column":4},"end":{"line":85,"column":41}},"45":{"start":{"line":87,"column":13},"end":{"line":87,"column":36}},"46":{"start":{"line":88,"column":2},"end":{"line":92,"column":3}},"47":{"start":{"line":88,"column":25},"end":{"line":88,"column":32}},"48":{"start":{"line":89,"column":4},"end":{"line":89,"column":16}},"49":{"start":{"line":91,"column":4},"end":{"line":91,"column":17}},"50":{"start":{"line":95,"column":18},"end":{"line":210,"column":1}},"51":{"start":{"line":97,"column":25},"end":{"line":97,"column":50}},"52":{"start":{"line":98,"column":25},"end":{"line":98,"column":50}},"53":{"start":{"line":100,"column":2},"end":{"line":102,"column":3}},"54":{"start":{"line":101,"column":4},"end":{"line":101,"column":18}},"55":{"start":{"line":104,"column":2},"end":{"line":106,"column":3}},"56":{"start":{"line":105,"column":4},"end":{"line":105,"column":27}},"57":{"start":{"line":108,"column":2},"end":{"line":110,"column":3}},"58":{"start":{"line":109,"column":4},"end":{"line":109,"column":27}},"59":{"start":{"line":113,"column":24},"end":{"line":113,"column":49}},"60":{"start":{"line":114,"column":24},"end":{"line":114,"column":49}},"61":{"start":{"line":116,"column":2},"end":{"line":118,"column":3}},"62":{"start":{"line":117,"column":4},"end":{"line":117,"column":18}},"63":{"start":{"line":120,"column":2},"end":{"line":122,"column":3}},"64":{"start":{"line":121,"column":4},"end":{"line":121,"column":27}},"65":{"start":{"line":124,"column":2},"end":{"line":126,"column":3}},"66":{"start":{"line":125,"column":4},"end":{"line":125,"column":27}},"67":{"start":{"line":129,"column":28},"end":{"line":129,"column":57}},"68":{"start":{"line":130,"column":28},"end":{"line":130,"column":57}},"69":{"start":{"line":132,"column":2},"end":{"line":134,"column":3}},"70":{"start":{"line":133,"column":4},"end":{"line":133,"column":18}},"71":{"start":{"line":136,"column":2},"end":{"line":138,"column":3}},"72":{"start":{"line":137,"column":4},"end":{"line":137,"column":27}},"73":{"start":{"line":140,"column":2},"end":{"line":142,"column":3}},"74":{"start":{"line":141,"column":4},"end":{"line":141,"column":27}},"75":{"start":{"line":145,"column":26},"end":{"line":145,"column":51}},"76":{"start":{"line":146,"column":26},"end":{"line":146,"column":51}},"77":{"start":{"line":148,"column":2},"end":{"line":150,"column":3}},"78":{"start":{"line":149,"column":4},"end":{"line":149,"column":18}},"79":{"start":{"line":152,"column":2},"end":{"line":154,"column":3}},"80":{"start":{"line":153,"column":4},"end":{"line":153,"column":27}},"81":{"start":{"line":156,"column":2},"end":{"line":158,"column":3}},"82":{"start":{"line":157,"column":4},"end":{"line":157,"column":27}},"83":{"start":{"line":162,"column":23},"end":{"line":162,"column":47}},"84":{"start":{"line":163,"column":23},"end":{"line":163,"column":47}},"85":{"start":{"line":165,"column":2},"end":{"line":167,"column":3}},"86":{"start":{"line":166,"column":4},"end":{"line":166,"column":18}},"87":{"start":{"line":169,"column":2},"end":{"line":171,"column":3}},"88":{"start":{"line":170,"column":4},"end":{"line":170,"column":27}},"89":{"start":{"line":173,"column":2},"end":{"line":175,"column":3}},"90":{"start":{"line":174,"column":4},"end":{"line":174,"column":27}},"91":{"start":{"line":178,"column":24},"end":{"line":178,"column":49}},"92":{"start":{"line":179,"column":24},"end":{"line":179,"column":49}},"93":{"start":{"line":181,"column":2},"end":{"line":183,"column":3}},"94":{"start":{"line":182,"column":4},"end":{"line":182,"column":18}},"95":{"start":{"line":185,"column":2},"end":{"line":187,"column":3}},"96":{"start":{"line":186,"column":4},"end":{"line":186,"column":27}},"97":{"start":{"line":189,"column":2},"end":{"line":191,"column":3}},"98":{"start":{"line":190,"column":4},"end":{"line":190,"column":27}},"99":{"start":{"line":194,"column":2},"end":{"line":209,"column":3}},"100":{"start":{"line":208,"column":4},"end":{"line":208,"column":18}},"101":{"start":{"line":212,"column":13},"end":{"line":225,"column":1}},"102":{"start":{"line":214,"column":15},"end":{"line":214,"column":27}},"103":{"start":{"line":217,"column":23},"end":{"line":217,"column":40}},"104":{"start":{"line":220,"column":39},"end":{"line":220,"column":68}},"105":{"start":{"line":222,"column":17},"end":{"line":222,"column":54}},"106":{"start":{"line":224,"column":2},"end":{"line":224,"column":22}},"107":{"start":{"line":227,"column":0},"end":{"line":227,"column":7}},"108":{"start":{"line":229,"column":0},"end":{"line":237,"column":2}}},"fnMap":{"0":{"name":"(anonymous_0)","decl":{"start":{"line":18,"column":19},"end":{"line":18,"column":20}},"loc":{"start":{"line":18,"column":25},"end":{"line":25,"column":1}},"line":18},"1":{"name":"(anonymous_1)","decl":{"start":{"line":19,"column":28},"end":{"line":19,"column":29}},"loc":{"start":{"line":19,"column":43},"end":{"line":22,"column":3}},"line":19},"2":{"name":"(anonymous_2)","decl":{"start":{"line":20,"column":51},"end":{"line":20,"column":52}},"loc":{"start":{"line":20,"column":62},"end":{"line":20,"column":78}},"line":20},"3":{"name":"(anonymous_3)","decl":{"start":{"line":27,"column":20},"end":{"line":27,"column":21}},"loc":{"start":{"line":27,"column":30},"end":{"line":27,"column":71}},"line":27},"4":{"name":"(anonymous_4)","decl":{"start":{"line":27,"column":45},"end":{"line":27,"column":46}},"loc":{"start":{"line":27,"column":51},"end":{"line":27,"column":70}},"line":27},"5":{"name":"(anonymous_5)","decl":{"start":{"line":29,"column":24},"end":{"line":29,"column":25}},"loc":{"start":{"line":29,"column":34},"end":{"line":41,"column":1}},"line":29},"6":{"name":"(anonymous_6)","decl":{"start":{"line":32,"column":9},"end":{"line":32,"column":10}},"loc":{"start":{"line":32,"column":15},"end":{"line":32,"column":73}},"line":32},"7":{"name":"(anonymous_7)","decl":{"start":{"line":33,"column":9},"end":{"line":33,"column":10}},"loc":{"start":{"line":33,"column":19},"end":{"line":33,"column":45}},"line":33},"8":{"name":"(anonymous_8)","decl":{"start":{"line":37,"column":9},"end":{"line":37,"column":10}},"loc":{"start":{"line":37,"column":15},"end":{"line":37,"column":73}},"line":37},"9":{"name":"(anonymous_9)","decl":{"start":{"line":38,"column":9},"end":{"line":38,"column":10}},"loc":{"start":{"line":38,"column":19},"end":{"line":38,"column":45}},"line":38},"10":{"name":"(anonymous_10)","decl":{"start":{"line":43,"column":17},"end":{"line":43,"column":18}},"loc":{"start":{"line":43,"column":34},"end":{"line":55,"column":1}},"line":43},"11":{"name":"(anonymous_11)","decl":{"start":{"line":44,"column":31},"end":{"line":44,"column":32}},"loc":{"start":{"line":44,"column":46},"end":{"line":52,"column":3}},"line":44},"12":{"name":"(anonymous_12)","decl":{"start":{"line":57,"column":20},"end":{"line":57,"column":21}},"loc":{"start":{"line":57,"column":31},"end":{"line":67,"column":1}},"line":57},"13":{"name":"(anonymous_13)","decl":{"start":{"line":69,"column":24},"end":{"line":69,"column":25}},"loc":{"start":{"line":69,"column":35},"end":{"line":80,"column":1}},"line":69},"14":{"name":"(anonymous_14)","decl":{"start":{"line":72,"column":16},"end":{"line":72,"column":17}},"loc":{"start":{"line":72,"column":33},"end":{"line":77,"column":3}},"line":72},"15":{"name":"(anonymous_15)","decl":{"start":{"line":82,"column":19},"end":{"line":82,"column":20}},"loc":{"start":{"line":82,"column":30},"end":{"line":93,"column":1}},"line":82},"16":{"name":"(anonymous_16)","decl":{"start":{"line":88,"column":18},"end":{"line":88,"column":19}},"loc":{"start":{"line":88,"column":25},"end":{"line":88,"column":32}},"line":88},"17":{"name":"(anonymous_17)","decl":{"start":{"line":95,"column":18},"end":{"line":95,"column":19}},"loc":{"start":{"line":95,"column":50},"end":{"line":210,"column":1}},"line":95},"18":{"name":"(anonymous_18)","decl":{"start":{"line":212,"column":13},"end":{"line":212,"column":14}},"loc":{"start":{"line":212,"column":19},"end":{"line":225,"column":1}},"line":212}},"branchMap":{"0":{"loc":{"start":{"line":45,"column":4},"end":{"line":49,"column":5}},"type":"if","locations":[{"start":{"line":45,"column":4},"end":{"line":49,"column":5}},{"start":{"line":45,"column":4},"end":{"line":49,"column":5}}],"line":45},"1":{"loc":{"start":{"line":60,"column":19},"end":{"line":60,"column":35}},"type":"binary-expr","locations":[{"start":{"line":60,"column":19},"end":{"line":60,"column":30}},{"start":{"line":60,"column":34},"end":{"line":60,"column":35}}],"line":60},"2":{"loc":{"start":{"line":63,"column":2},"end":{"line":65,"column":3}},"type":"if","locations":[{"start":{"line":63,"column":2},"end":{"line":65,"column":3}},{"start":{"line":63,"column":2},"end":{"line":65,"column":3}}],"line":63},"3":{"loc":{"start":{"line":63,"column":6},"end":{"line":63,"column":74}},"type":"binary-expr","locations":[{"start":{"line":63,"column":7},"end":{"line":63,"column":20}},{"start":{"line":63,"column":24},"end":{"line":63,"column":37}},{"start":{"line":63,"column":43},"end":{"line":63,"column":56}},{"start":{"line":63,"column":60},"end":{"line":63,"column":73}}],"line":63},"4":{"loc":{"start":{"line":74,"column":4},"end":{"line":76,"column":5}},"type":"if","locations":[{"start":{"line":74,"column":4},"end":{"line":76,"column":5}},{"start":{"line":74,"column":4},"end":{"line":76,"column":5}}],"line":74},"5":{"loc":{"start":{"line":85,"column":19},"end":{"line":85,"column":35}},"type":"binary-expr","locations":[{"start":{"line":85,"column":19},"end":{"line":85,"column":30}},{"start":{"line":85,"column":34},"end":{"line":85,"column":35}}],"line":85},"6":{"loc":{"start":{"line":88,"column":2},"end":{"line":92,"column":3}},"type":"if","locations":[{"start":{"line":88,"column":2},"end":{"line":92,"column":3}},{"start":{"line":88,"column":2},"end":{"line":92,"column":3}}],"line":88},"7":{"loc":{"start":{"line":100,"column":2},"end":{"line":102,"column":3}},"type":"if","locations":[{"start":{"line":100,"column":2},"end":{"line":102,"column":3}},{"start":{"line":100,"column":2},"end":{"line":102,"column":3}}],"line":100},"8":{"loc":{"start":{"line":100,"column":6},"end":{"line":100,"column":38}},"type":"binary-expr","locations":[{"start":{"line":100,"column":6},"end":{"line":100,"column":20}},{"start":{"line":100,"column":24},"end":{"line":100,"column":38}}],"line":100},"9":{"loc":{"start":{"line":104,"column":2},"end":{"line":106,"column":3}},"type":"if","locations":[{"start":{"line":104,"column":2},"end":{"line":106,"column":3}},{"start":{"line":104,"column":2},"end":{"line":106,"column":3}}],"line":104},"10":{"loc":{"start":{"line":104,"column":6},"end":{"line":104,"column":39}},"type":"binary-expr","locations":[{"start":{"line":104,"column":6},"end":{"line":104,"column":20}},{"start":{"line":104,"column":24},"end":{"line":104,"column":39}}],"line":104},"11":{"loc":{"start":{"line":108,"column":2},"end":{"line":110,"column":3}},"type":"if","locations":[{"start":{"line":108,"column":2},"end":{"line":110,"column":3}},{"start":{"line":108,"column":2},"end":{"line":110,"column":3}}],"line":108},"12":{"loc":{"start":{"line":108,"column":6},"end":{"line":108,"column":39}},"type":"binary-expr","locations":[{"start":{"line":108,"column":6},"end":{"line":108,"column":21}},{"start":{"line":108,"column":25},"end":{"line":108,"column":39}}],"line":108},"13":{"loc":{"start":{"line":116,"column":2},"end":{"line":118,"column":3}},"type":"if","locations":[{"start":{"line":116,"column":2},"end":{"line":118,"column":3}},{"start":{"line":116,"column":2},"end":{"line":118,"column":3}}],"line":116},"14":{"loc":{"start":{"line":116,"column":6},"end":{"line":116,"column":36}},"type":"binary-expr","locations":[{"start":{"line":116,"column":6},"end":{"line":116,"column":19}},{"start":{"line":116,"column":23},"end":{"line":116,"column":36}}],"line":116},"15":{"loc":{"start":{"line":120,"column":2},"end":{"line":122,"column":3}},"type":"if","locations":[{"start":{"line":120,"column":2},"end":{"line":122,"column":3}},{"start":{"line":120,"column":2},"end":{"line":122,"column":3}}],"line":120},"16":{"loc":{"start":{"line":120,"column":6},"end":{"line":120,"column":37}},"type":"binary-expr","locations":[{"start":{"line":120,"column":6},"end":{"line":120,"column":19}},{"start":{"line":120,"column":23},"end":{"line":120,"column":37}}],"line":120},"17":{"loc":{"start":{"line":124,"column":2},"end":{"line":126,"column":3}},"type":"if","locations":[{"start":{"line":124,"column":2},"end":{"line":126,"column":3}},{"start":{"line":124,"column":2},"end":{"line":126,"column":3}}],"line":124},"18":{"loc":{"start":{"line":124,"column":6},"end":{"line":124,"column":37}},"type":"binary-expr","locations":[{"start":{"line":124,"column":6},"end":{"line":124,"column":20}},{"start":{"line":124,"column":24},"end":{"line":124,"column":37}}],"line":124},"19":{"loc":{"start":{"line":132,"column":2},"end":{"line":134,"column":3}},"type":"if","locations":[{"start":{"line":132,"column":2},"end":{"line":134,"column":3}},{"start":{"line":132,"column":2},"end":{"line":134,"column":3}}],"line":132},"20":{"loc":{"start":{"line":132,"column":6},"end":{"line":132,"column":44}},"type":"binary-expr","locations":[{"start":{"line":132,"column":6},"end":{"line":132,"column":23}},{"start":{"line":132,"column":27},"end":{"line":132,"column":44}}],"line":132},"21":{"loc":{"start":{"line":136,"column":2},"end":{"line":138,"column":3}},"type":"if","locations":[{"start":{"line":136,"column":2},"end":{"line":138,"column":3}},{"start":{"line":136,"column":2},"end":{"line":138,"column":3}}],"line":136},"22":{"loc":{"start":{"line":136,"column":6},"end":{"line":136,"column":45}},"type":"binary-expr","locations":[{"start":{"line":136,"column":6},"end":{"line":136,"column":23}},{"start":{"line":136,"column":27},"end":{"line":136,"column":45}}],"line":136},"23":{"loc":{"start":{"line":140,"column":2},"end":{"line":142,"column":3}},"type":"if","locations":[{"start":{"line":140,"column":2},"end":{"line":142,"column":3}},{"start":{"line":140,"column":2},"end":{"line":142,"column":3}}],"line":140},"24":{"loc":{"start":{"line":140,"column":6},"end":{"line":140,"column":45}},"type":"binary-expr","locations":[{"start":{"line":140,"column":6},"end":{"line":140,"column":24}},{"start":{"line":140,"column":28},"end":{"line":140,"column":45}}],"line":140},"25":{"loc":{"start":{"line":148,"column":2},"end":{"line":150,"column":3}},"type":"if","locations":[{"start":{"line":148,"column":2},"end":{"line":150,"column":3}},{"start":{"line":148,"column":2},"end":{"line":150,"column":3}}],"line":148},"26":{"loc":{"start":{"line":148,"column":6},"end":{"line":148,"column":40}},"type":"binary-expr","locations":[{"start":{"line":148,"column":6},"end":{"line":148,"column":21}},{"start":{"line":148,"column":25},"end":{"line":148,"column":40}}],"line":148},"27":{"loc":{"start":{"line":152,"column":2},"end":{"line":154,"column":3}},"type":"if","locations":[{"start":{"line":152,"column":2},"end":{"line":154,"column":3}},{"start":{"line":152,"column":2},"end":{"line":154,"column":3}}],"line":152},"28":{"loc":{"start":{"line":152,"column":6},"end":{"line":152,"column":41}},"type":"binary-expr","locations":[{"start":{"line":152,"column":6},"end":{"line":152,"column":21}},{"start":{"line":152,"column":25},"end":{"line":152,"column":41}}],"line":152},"29":{"loc":{"start":{"line":156,"column":2},"end":{"line":158,"column":3}},"type":"if","locations":[{"start":{"line":156,"column":2},"end":{"line":158,"column":3}},{"start":{"line":156,"column":2},"end":{"line":158,"column":3}}],"line":156},"30":{"loc":{"start":{"line":156,"column":6},"end":{"line":156,"column":41}},"type":"binary-expr","locations":[{"start":{"line":156,"column":6},"end":{"line":156,"column":22}},{"start":{"line":156,"column":26},"end":{"line":156,"column":41}}],"line":156},"31":{"loc":{"start":{"line":165,"column":2},"end":{"line":167,"column":3}},"type":"if","locations":[{"start":{"line":165,"column":2},"end":{"line":167,"column":3}},{"start":{"line":165,"column":2},"end":{"line":167,"column":3}}],"line":165},"32":{"loc":{"start":{"line":165,"column":6},"end":{"line":165,"column":34}},"type":"binary-expr","locations":[{"start":{"line":165,"column":6},"end":{"line":165,"column":18}},{"start":{"line":165,"column":22},"end":{"line":165,"column":34}}],"line":165},"33":{"loc":{"start":{"line":169,"column":2},"end":{"line":171,"column":3}},"type":"if","locations":[{"start":{"line":169,"column":2},"end":{"line":171,"column":3}},{"start":{"line":169,"column":2},"end":{"line":171,"column":3}}],"line":169},"34":{"loc":{"start":{"line":169,"column":6},"end":{"line":169,"column":35}},"type":"binary-expr","locations":[{"start":{"line":169,"column":6},"end":{"line":169,"column":18}},{"start":{"line":169,"column":22},"end":{"line":169,"column":35}}],"line":169},"35":{"loc":{"start":{"line":173,"column":2},"end":{"line":175,"column":3}},"type":"if","locations":[{"start":{"line":173,"column":2},"end":{"line":175,"column":3}},{"start":{"line":173,"column":2},"end":{"line":175,"column":3}}],"line":173},"36":{"loc":{"start":{"line":173,"column":6},"end":{"line":173,"column":35}},"type":"binary-expr","locations":[{"start":{"line":173,"column":6},"end":{"line":173,"column":19}},{"start":{"line":173,"column":23},"end":{"line":173,"column":35}}],"line":173},"37":{"loc":{"start":{"line":181,"column":2},"end":{"line":183,"column":3}},"type":"if","locations":[{"start":{"line":181,"column":2},"end":{"line":183,"column":3}},{"start":{"line":181,"column":2},"end":{"line":183,"column":3}}],"line":181},"38":{"loc":{"start":{"line":181,"column":6},"end":{"line":181,"column":36}},"type":"binary-expr","locations":[{"start":{"line":181,"column":6},"end":{"line":181,"column":19}},{"start":{"line":181,"column":23},"end":{"line":181,"column":36}}],"line":181},"39":{"loc":{"start":{"line":185,"column":2},"end":{"line":187,"column":3}},"type":"if","locations":[{"start":{"line":185,"column":2},"end":{"line":187,"column":3}},{"start":{"line":185,"column":2},"end":{"line":187,"column":3}}],"line":185},"40":{"loc":{"start":{"line":185,"column":6},"end":{"line":185,"column":37}},"type":"binary-expr","locations":[{"start":{"line":185,"column":6},"end":{"line":185,"column":19}},{"start":{"line":185,"column":23},"end":{"line":185,"column":37}}],"line":185},"41":{"loc":{"start":{"line":189,"column":2},"end":{"line":191,"column":3}},"type":"if","locations":[{"start":{"line":189,"column":2},"end":{"line":191,"column":3}},{"start":{"line":189,"column":2},"end":{"line":191,"column":3}}],"line":189},"42":{"loc":{"start":{"line":189,"column":6},"end":{"line":189,"column":37}},"type":"binary-expr","locations":[{"start":{"line":189,"column":6},"end":{"line":189,"column":20}},{"start":{"line":189,"column":24},"end":{"line":189,"column":37}}],"line":189},"43":{"loc":{"start":{"line":194,"column":2},"end":{"line":209,"column":3}},"type":"if","locations":[{"start":{"line":194,"column":2},"end":{"line":209,"column":3}},{"start":{"line":194,"column":2},"end":{"line":209,"column":3}}],"line":194},"44":{"loc":{"start":{"line":195,"column":4},"end":{"line":206,"column":18}},"type":"binary-expr","locations":[{"start":{"line":195,"column":4},"end":{"line":195,"column":19}},{"start":{"line":196,"column":4},"end":{"line":196,"column":19}},{"start":{"line":197,"column":4},"end":{"line":197,"column":18}},{"start":{"line":198,"column":4},"end":{"line":198,"column":18}},{"start":{"line":199,"column":4},"end":{"line":199,"column":22}},{"start":{"line":200,"column":4},"end":{"line":200,"column":22}},{"start":{"line":201,"column":4},"end":{"line":201,"column":20}},{"start":{"line":202,"column":4},"end":{"line":202,"column":20}},{"start":{"line":203,"column":4},"end":{"line":203,"column":17}},{"start":{"line":204,"column":4},"end":{"line":204,"column":17}},{"start":{"line":205,"column":4},"end":{"line":205,"column":18}},{"start":{"line":206,"column":4},"end":{"line":206,"column":18}}],"line":195}},"s":{"0":1,"1":1,"2":1,"3":4,"4":16,"5":208,"6":16,"7":4,"8":1,"9":3,"10":661,"11":1,"12":2,"13":10,"14":10,"15":2,"16":10,"17":10,"18":2,"19":1,"20":10,"21":50,"22":12,"23":38,"24":50,"25":10,"26":1,"27":3,"28":3,"29":15,"30":3,"31":3,"32":1,"33":2,"34":1,"35":5,"36":5,"37":25,"38":25,"39":9,"40":5,"41":1,"42":4,"43":4,"44":20,"45":4,"46":4,"47":17,"48":1,"49":3,"50":1,"51":1,"52":1,"53":1,"54":0,"55":1,"56":0,"57":1,"58":0,"59":1,"60":1,"61":1,"62":0,"63":1,"64":0,"65":1,"66":0,"67":1,"68":1,"69":1,"70":0,"71":1,"72":0,"73":1,"74":0,"75":1,"76":1,"77":1,"78":0,"79":1,"80":0,"81":1,"82":0,"83":1,"84":1,"85":1,"86":0,"87":1,"88":0,"89":1,"90":0,"91":1,"92":1,"93":1,"94":0,"95":1,"96":1,"97":0,"98":0,"99":0,"100":0,"101":1,"102":1,"103":1,"104":1,"105":1,"106":1,"107":1,"108":1},"f":{"0":4,"1":16,"2":208,"3":3,"4":661,"5":2,"6":10,"7":10,"8":10,"9":10,"10":10,"11":50,"12":3,"13":5,"14":25,"15":4,"16":17,"17":1,"18":1},"b":{"0":[12,38],"1":[15,11],"2":[1,2],"3":[3,1,3,1],"4":[9,16],"5":[20,17],"6":[1,3],"7":[0,1],"8":[1,0],"9":[0,1],"10":[1,0],"11":[0,1],"12":[1,1],"13":[0,1],"14":[1,0],"15":[0,1],"16":[1,0],"17":[0,1],"18":[1,1],"19":[0,1],"20":[1,0],"21":[0,1],"22":[1,0],"23":[0,1],"24":[1,1],"25":[0,1],"26":[1,0],"27":[0,1],"28":[1,0],"29":[0,1],"30":[1,1],"31":[0,1],"32":[1,0],"33":[0,1],"34":[1,0],"35":[0,1],"36":[1,1],"37":[0,1],"38":[1,1],"39":[1,0],"40":[1,1],"41":[0,0],"42":[0,0],"43":[0,0],"44":[0,0,0,0,0,0,0,0,0,0,0,0]},"_coverageSchema":"1a1c01bbd47fc00a2c39e90264f33305004495a9","hash":"d4f3cd306f81c30a80fd5629ef85b7271d14ecd0"}
}
