{"/Users/Lee/Documents/Coding/upn-five-tasks/Task 5/index.js": {"path":"/Users/Lee/Documents/Coding/upn-five-tasks/Task 5/index.js","statementMap":{"0":{"start":{"line":1,"column":14},"end":{"line":1,"column":55}},"1":{"start":{"line":2,"column":15},"end":{"line":16,"column":1}},"2":{"start":{"line":18,"column":19},"end":{"line":25,"column":1}},"3":{"start":{"line":19,"column":15},"end":{"line":22,"column":8}},"4":{"start":{"line":20,"column":24},"end":{"line":20,"column":79}},"5":{"start":{"line":20,"column":62},"end":{"line":20,"column":78}},"6":{"start":{"line":21,"column":4},"end":{"line":21,"column":36}},"7":{"start":{"line":24,"column":2},"end":{"line":24,"column":14}},"8":{"start":{"line":27,"column":20},"end":{"line":27,"column":71}},"9":{"start":{"line":27,"column":30},"end":{"line":27,"column":71}},"10":{"start":{"line":27,"column":51},"end":{"line":27,"column":70}},"11":{"start":{"line":29,"column":24},"end":{"line":41,"column":1}},"12":{"start":{"line":30,"column":18},"end":{"line":33,"column":46}},"13":{"start":{"line":32,"column":15},"end":{"line":32,"column":73}},"14":{"start":{"line":33,"column":19},"end":{"line":33,"column":45}},"15":{"start":{"line":35,"column":18},"end":{"line":38,"column":46}},"16":{"start":{"line":37,"column":15},"end":{"line":37,"column":73}},"17":{"start":{"line":38,"column":19},"end":{"line":38,"column":45}},"18":{"start":{"line":40,"column":2},"end":{"line":40,"column":28}},"19":{"start":{"line":43,"column":17},"end":{"line":55,"column":1}},"20":{"start":{"line":44,"column":18},"end":{"line":52,"column":8}},"21":{"start":{"line":45,"column":4},"end":{"line":49,"column":5}},"22":{"start":{"line":46,"column":6},"end":{"line":46,"column":21}},"23":{"start":{"line":48,"column":6},"end":{"line":48,"column":20}},"24":{"start":{"line":51,"column":4},"end":{"line":51,"column":15}},"25":{"start":{"line":54,"column":2},"end":{"line":54,"column":47}},"26":{"start":{"line":57,"column":24},"end":{"line":68,"column":1}},"27":{"start":{"line":58,"column":16},"end":{"line":58,"column":17}},"28":{"start":{"line":60,"column":2},"end":{"line":65,"column":5}},"29":{"start":{"line":61,"column":21},"end":{"line":61,"column":37}},"30":{"start":{"line":62,"column":4},"end":{"line":64,"column":5}},"31":{"start":{"line":63,"column":6},"end":{"line":63,"column":16}},"32":{"start":{"line":67,"column":2},"end":{"line":67,"column":23}},"33":{"start":{"line":70,"column":18},"end":{"line":138,"column":1}},"34":{"start":{"line":72,"column":25},"end":{"line":72,"column":50}},"35":{"start":{"line":73,"column":25},"end":{"line":73,"column":50}},"36":{"start":{"line":75,"column":2},"end":{"line":77,"column":3}},"37":{"start":{"line":76,"column":4},"end":{"line":76,"column":18}},"38":{"start":{"line":79,"column":2},"end":{"line":81,"column":3}},"39":{"start":{"line":80,"column":4},"end":{"line":80,"column":27}},"40":{"start":{"line":83,"column":2},"end":{"line":85,"column":3}},"41":{"start":{"line":84,"column":4},"end":{"line":84,"column":27}},"42":{"start":{"line":90,"column":28},"end":{"line":90,"column":57}},"43":{"start":{"line":91,"column":28},"end":{"line":91,"column":57}},"44":{"start":{"line":93,"column":2},"end":{"line":95,"column":3}},"45":{"start":{"line":94,"column":4},"end":{"line":94,"column":18}},"46":{"start":{"line":97,"column":2},"end":{"line":99,"column":3}},"47":{"start":{"line":98,"column":4},"end":{"line":98,"column":27}},"48":{"start":{"line":101,"column":2},"end":{"line":103,"column":3}},"49":{"start":{"line":102,"column":4},"end":{"line":102,"column":27}},"50":{"start":{"line":106,"column":26},"end":{"line":106,"column":51}},"51":{"start":{"line":107,"column":26},"end":{"line":107,"column":51}},"52":{"start":{"line":109,"column":2},"end":{"line":111,"column":3}},"53":{"start":{"line":110,"column":4},"end":{"line":110,"column":18}},"54":{"start":{"line":113,"column":2},"end":{"line":115,"column":3}},"55":{"start":{"line":114,"column":4},"end":{"line":114,"column":27}},"56":{"start":{"line":117,"column":2},"end":{"line":119,"column":3}},"57":{"start":{"line":118,"column":4},"end":{"line":118,"column":27}},"58":{"start":{"line":124,"column":24},"end":{"line":124,"column":49}},"59":{"start":{"line":125,"column":24},"end":{"line":125,"column":49}},"60":{"start":{"line":127,"column":2},"end":{"line":129,"column":3}},"61":{"start":{"line":128,"column":4},"end":{"line":128,"column":18}},"62":{"start":{"line":131,"column":2},"end":{"line":133,"column":3}},"63":{"start":{"line":132,"column":4},"end":{"line":132,"column":27}},"64":{"start":{"line":135,"column":2},"end":{"line":137,"column":3}},"65":{"start":{"line":136,"column":4},"end":{"line":136,"column":27}},"66":{"start":{"line":140,"column":13},"end":{"line":153,"column":1}},"67":{"start":{"line":142,"column":15},"end":{"line":142,"column":27}},"68":{"start":{"line":145,"column":23},"end":{"line":145,"column":40}},"69":{"start":{"line":148,"column":39},"end":{"line":148,"column":68}},"70":{"start":{"line":150,"column":17},"end":{"line":150,"column":54}},"71":{"start":{"line":152,"column":2},"end":{"line":152,"column":16}},"72":{"start":{"line":155,"column":0},"end":{"line":161,"column":2}}},"fnMap":{"0":{"name":"(anonymous_0)","decl":{"start":{"line":18,"column":19},"end":{"line":18,"column":20}},"loc":{"start":{"line":18,"column":25},"end":{"line":25,"column":1}},"line":18},"1":{"name":"(anonymous_1)","decl":{"start":{"line":19,"column":28},"end":{"line":19,"column":29}},"loc":{"start":{"line":19,"column":43},"end":{"line":22,"column":3}},"line":19},"2":{"name":"(anonymous_2)","decl":{"start":{"line":20,"column":51},"end":{"line":20,"column":52}},"loc":{"start":{"line":20,"column":62},"end":{"line":20,"column":78}},"line":20},"3":{"name":"(anonymous_3)","decl":{"start":{"line":27,"column":20},"end":{"line":27,"column":21}},"loc":{"start":{"line":27,"column":30},"end":{"line":27,"column":71}},"line":27},"4":{"name":"(anonymous_4)","decl":{"start":{"line":27,"column":45},"end":{"line":27,"column":46}},"loc":{"start":{"line":27,"column":51},"end":{"line":27,"column":70}},"line":27},"5":{"name":"(anonymous_5)","decl":{"start":{"line":29,"column":24},"end":{"line":29,"column":25}},"loc":{"start":{"line":29,"column":34},"end":{"line":41,"column":1}},"line":29},"6":{"name":"(anonymous_6)","decl":{"start":{"line":32,"column":9},"end":{"line":32,"column":10}},"loc":{"start":{"line":32,"column":15},"end":{"line":32,"column":73}},"line":32},"7":{"name":"(anonymous_7)","decl":{"start":{"line":33,"column":9},"end":{"line":33,"column":10}},"loc":{"start":{"line":33,"column":19},"end":{"line":33,"column":45}},"line":33},"8":{"name":"(anonymous_8)","decl":{"start":{"line":37,"column":9},"end":{"line":37,"column":10}},"loc":{"start":{"line":37,"column":15},"end":{"line":37,"column":73}},"line":37},"9":{"name":"(anonymous_9)","decl":{"start":{"line":38,"column":9},"end":{"line":38,"column":10}},"loc":{"start":{"line":38,"column":19},"end":{"line":38,"column":45}},"line":38},"10":{"name":"(anonymous_10)","decl":{"start":{"line":43,"column":17},"end":{"line":43,"column":18}},"loc":{"start":{"line":43,"column":34},"end":{"line":55,"column":1}},"line":43},"11":{"name":"(anonymous_11)","decl":{"start":{"line":44,"column":31},"end":{"line":44,"column":32}},"loc":{"start":{"line":44,"column":46},"end":{"line":52,"column":3}},"line":44},"12":{"name":"(anonymous_12)","decl":{"start":{"line":57,"column":24},"end":{"line":57,"column":25}},"loc":{"start":{"line":57,"column":35},"end":{"line":68,"column":1}},"line":57},"13":{"name":"(anonymous_13)","decl":{"start":{"line":60,"column":16},"end":{"line":60,"column":17}},"loc":{"start":{"line":60,"column":33},"end":{"line":65,"column":3}},"line":60},"14":{"name":"(anonymous_14)","decl":{"start":{"line":70,"column":18},"end":{"line":70,"column":19}},"loc":{"start":{"line":70,"column":50},"end":{"line":138,"column":1}},"line":70},"15":{"name":"(anonymous_15)","decl":{"start":{"line":140,"column":13},"end":{"line":140,"column":14}},"loc":{"start":{"line":140,"column":19},"end":{"line":153,"column":1}},"line":140}},"branchMap":{"0":{"loc":{"start":{"line":45,"column":4},"end":{"line":49,"column":5}},"type":"if","locations":[{"start":{"line":45,"column":4},"end":{"line":49,"column":5}},{"start":{"line":45,"column":4},"end":{"line":49,"column":5}}],"line":45},"1":{"loc":{"start":{"line":62,"column":4},"end":{"line":64,"column":5}},"type":"if","locations":[{"start":{"line":62,"column":4},"end":{"line":64,"column":5}},{"start":{"line":62,"column":4},"end":{"line":64,"column":5}}],"line":62},"2":{"loc":{"start":{"line":75,"column":2},"end":{"line":77,"column":3}},"type":"if","locations":[{"start":{"line":75,"column":2},"end":{"line":77,"column":3}},{"start":{"line":75,"column":2},"end":{"line":77,"column":3}}],"line":75},"3":{"loc":{"start":{"line":75,"column":6},"end":{"line":75,"column":38}},"type":"binary-expr","locations":[{"start":{"line":75,"column":6},"end":{"line":75,"column":20}},{"start":{"line":75,"column":24},"end":{"line":75,"column":38}}],"line":75},"4":{"loc":{"start":{"line":79,"column":2},"end":{"line":81,"column":3}},"type":"if","locations":[{"start":{"line":79,"column":2},"end":{"line":81,"column":3}},{"start":{"line":79,"column":2},"end":{"line":81,"column":3}}],"line":79},"5":{"loc":{"start":{"line":79,"column":6},"end":{"line":79,"column":39}},"type":"binary-expr","locations":[{"start":{"line":79,"column":6},"end":{"line":79,"column":20}},{"start":{"line":79,"column":24},"end":{"line":79,"column":39}}],"line":79},"6":{"loc":{"start":{"line":83,"column":2},"end":{"line":85,"column":3}},"type":"if","locations":[{"start":{"line":83,"column":2},"end":{"line":85,"column":3}},{"start":{"line":83,"column":2},"end":{"line":85,"column":3}}],"line":83},"7":{"loc":{"start":{"line":83,"column":6},"end":{"line":83,"column":39}},"type":"binary-expr","locations":[{"start":{"line":83,"column":6},"end":{"line":83,"column":21}},{"start":{"line":83,"column":25},"end":{"line":83,"column":39}}],"line":83},"8":{"loc":{"start":{"line":93,"column":2},"end":{"line":95,"column":3}},"type":"if","locations":[{"start":{"line":93,"column":2},"end":{"line":95,"column":3}},{"start":{"line":93,"column":2},"end":{"line":95,"column":3}}],"line":93},"9":{"loc":{"start":{"line":93,"column":6},"end":{"line":93,"column":44}},"type":"binary-expr","locations":[{"start":{"line":93,"column":6},"end":{"line":93,"column":23}},{"start":{"line":93,"column":27},"end":{"line":93,"column":44}}],"line":93},"10":{"loc":{"start":{"line":97,"column":2},"end":{"line":99,"column":3}},"type":"if","locations":[{"start":{"line":97,"column":2},"end":{"line":99,"column":3}},{"start":{"line":97,"column":2},"end":{"line":99,"column":3}}],"line":97},"11":{"loc":{"start":{"line":97,"column":6},"end":{"line":97,"column":45}},"type":"binary-expr","locations":[{"start":{"line":97,"column":6},"end":{"line":97,"column":23}},{"start":{"line":97,"column":27},"end":{"line":97,"column":45}}],"line":97},"12":{"loc":{"start":{"line":101,"column":2},"end":{"line":103,"column":3}},"type":"if","locations":[{"start":{"line":101,"column":2},"end":{"line":103,"column":3}},{"start":{"line":101,"column":2},"end":{"line":103,"column":3}}],"line":101},"13":{"loc":{"start":{"line":101,"column":6},"end":{"line":101,"column":45}},"type":"binary-expr","locations":[{"start":{"line":101,"column":6},"end":{"line":101,"column":24}},{"start":{"line":101,"column":28},"end":{"line":101,"column":45}}],"line":101},"14":{"loc":{"start":{"line":109,"column":2},"end":{"line":111,"column":3}},"type":"if","locations":[{"start":{"line":109,"column":2},"end":{"line":111,"column":3}},{"start":{"line":109,"column":2},"end":{"line":111,"column":3}}],"line":109},"15":{"loc":{"start":{"line":109,"column":6},"end":{"line":109,"column":40}},"type":"binary-expr","locations":[{"start":{"line":109,"column":6},"end":{"line":109,"column":21}},{"start":{"line":109,"column":25},"end":{"line":109,"column":40}}],"line":109},"16":{"loc":{"start":{"line":113,"column":2},"end":{"line":115,"column":3}},"type":"if","locations":[{"start":{"line":113,"column":2},"end":{"line":115,"column":3}},{"start":{"line":113,"column":2},"end":{"line":115,"column":3}}],"line":113},"17":{"loc":{"start":{"line":113,"column":6},"end":{"line":113,"column":41}},"type":"binary-expr","locations":[{"start":{"line":113,"column":6},"end":{"line":113,"column":21}},{"start":{"line":113,"column":25},"end":{"line":113,"column":41}}],"line":113},"18":{"loc":{"start":{"line":117,"column":2},"end":{"line":119,"column":3}},"type":"if","locations":[{"start":{"line":117,"column":2},"end":{"line":119,"column":3}},{"start":{"line":117,"column":2},"end":{"line":119,"column":3}}],"line":117},"19":{"loc":{"start":{"line":117,"column":6},"end":{"line":117,"column":41}},"type":"binary-expr","locations":[{"start":{"line":117,"column":6},"end":{"line":117,"column":22}},{"start":{"line":117,"column":26},"end":{"line":117,"column":41}}],"line":117},"20":{"loc":{"start":{"line":127,"column":2},"end":{"line":129,"column":3}},"type":"if","locations":[{"start":{"line":127,"column":2},"end":{"line":129,"column":3}},{"start":{"line":127,"column":2},"end":{"line":129,"column":3}}],"line":127},"21":{"loc":{"start":{"line":127,"column":6},"end":{"line":127,"column":36}},"type":"binary-expr","locations":[{"start":{"line":127,"column":6},"end":{"line":127,"column":19}},{"start":{"line":127,"column":23},"end":{"line":127,"column":36}}],"line":127},"22":{"loc":{"start":{"line":131,"column":2},"end":{"line":133,"column":3}},"type":"if","locations":[{"start":{"line":131,"column":2},"end":{"line":133,"column":3}},{"start":{"line":131,"column":2},"end":{"line":133,"column":3}}],"line":131},"23":{"loc":{"start":{"line":131,"column":6},"end":{"line":131,"column":37}},"type":"binary-expr","locations":[{"start":{"line":131,"column":6},"end":{"line":131,"column":19}},{"start":{"line":131,"column":23},"end":{"line":131,"column":37}}],"line":131},"24":{"loc":{"start":{"line":135,"column":2},"end":{"line":137,"column":3}},"type":"if","locations":[{"start":{"line":135,"column":2},"end":{"line":137,"column":3}},{"start":{"line":135,"column":2},"end":{"line":137,"column":3}}],"line":135},"25":{"loc":{"start":{"line":135,"column":6},"end":{"line":135,"column":37}},"type":"binary-expr","locations":[{"start":{"line":135,"column":6},"end":{"line":135,"column":20}},{"start":{"line":135,"column":24},"end":{"line":135,"column":37}}],"line":135}},"s":{"0":1,"1":1,"2":1,"3":3,"4":12,"5":156,"6":12,"7":3,"8":1,"9":2,"10":445,"11":1,"12":1,"13":5,"14":5,"15":1,"16":5,"17":5,"18":1,"19":1,"20":4,"21":20,"22":9,"23":11,"24":20,"25":4,"26":1,"27":2,"28":2,"29":10,"30":10,"31":6,"32":2,"33":1,"34":0,"35":0,"36":0,"37":0,"38":0,"39":0,"40":0,"41":0,"42":0,"43":0,"44":0,"45":0,"46":0,"47":0,"48":0,"49":0,"50":0,"51":0,"52":0,"53":0,"54":0,"55":0,"56":0,"57":0,"58":0,"59":0,"60":0,"61":0,"62":0,"63":0,"64":0,"65":0,"66":1,"67":0,"68":0,"69":0,"70":0,"71":0,"72":1},"f":{"0":3,"1":12,"2":156,"3":2,"4":445,"5":1,"6":5,"7":5,"8":5,"9":5,"10":4,"11":20,"12":2,"13":10,"14":0,"15":0},"b":{"0":[9,11],"1":[6,4],"2":[0,0],"3":[0,0],"4":[0,0],"5":[0,0],"6":[0,0],"7":[0,0],"8":[0,0],"9":[0,0],"10":[0,0],"11":[0,0],"12":[0,0],"13":[0,0],"14":[0,0],"15":[0,0],"16":[0,0],"17":[0,0],"18":[0,0],"19":[0,0],"20":[0,0],"21":[0,0],"22":[0,0],"23":[0,0],"24":[0,0],"25":[0,0]},"_coverageSchema":"1a1c01bbd47fc00a2c39e90264f33305004495a9","hash":"c7fcdf1200f3271aaeefdcc78b138d9c71bc3206"}
}
