TN:
SF:Task 5/index.js
FN:18,(anonymous_0)
FN:19,(anonymous_1)
FN:20,(anonymous_2)
FN:27,(anonymous_3)
FN:27,(anonymous_4)
FN:29,(anonymous_5)
FN:32,(anonymous_6)
FN:33,(anonymous_7)
FN:37,(anonymous_8)
FN:38,(anonymous_9)
FN:43,(anonymous_10)
FN:44,(anonymous_11)
FN:57,(anonymous_12)
FN:60,(anonymous_13)
FN:70,(anonymous_14)
FN:140,(anonymous_15)
FNF:16
FNH:14
FNDA:3,(anonymous_0)
FNDA:12,(anonymous_1)
FNDA:156,(anonymous_2)
FNDA:2,(anonymous_3)
FNDA:445,(anonymous_4)
FNDA:1,(anonymous_5)
FNDA:5,(anonymous_6)
FNDA:5,(anonymous_7)
FNDA:5,(anonymous_8)
FNDA:5,(anonymous_9)
FNDA:4,(anonymous_10)
FNDA:20,(anonymous_11)
FNDA:2,(anonymous_12)
FNDA:10,(anonymous_13)
FNDA:0,(anonymous_14)
FNDA:0,(anonymous_15)
DA:1,1
DA:2,1
DA:18,1
DA:19,3
DA:20,156
DA:21,12
DA:24,3
DA:27,445
DA:29,1
DA:30,1
DA:32,5
DA:33,5
DA:35,1
DA:37,5
DA:38,5
DA:40,1
DA:43,1
DA:44,4
DA:45,20
DA:46,9
DA:48,11
DA:51,20
DA:54,4
DA:57,1
DA:58,2
DA:60,2
DA:61,10
DA:62,10
DA:63,6
DA:67,2
DA:70,1
DA:72,0
DA:73,0
DA:75,0
DA:76,0
DA:79,0
DA:80,0
DA:83,0
DA:84,0
DA:90,0
DA:91,0
DA:93,0
DA:94,0
DA:97,0
DA:98,0
DA:101,0
DA:102,0
DA:106,0
DA:107,0
DA:109,0
DA:110,0
DA:113,0
DA:114,0
DA:117,0
DA:118,0
DA:124,0
DA:125,0
DA:127,0
DA:128,0
DA:131,0
DA:132,0
DA:135,0
DA:136,0
DA:140,1
DA:142,0
DA:145,0
DA:148,0
DA:150,0
DA:152,0
DA:155,1
LF:70
LH:33
BRDA:45,0,0,9
BRDA:45,0,1,11
BRDA:62,1,0,6
BRDA:62,1,1,4
BRDA:75,2,0,0
BRDA:75,2,1,0
BRDA:75,3,0,0
BRDA:75,3,1,0
BRDA:79,4,0,0
BRDA:79,4,1,0
BRDA:79,5,0,0
BRDA:79,5,1,0
BRDA:83,6,0,0
BRDA:83,6,1,0
BRDA:83,7,0,0
BRDA:83,7,1,0
BRDA:93,8,0,0
BRDA:93,8,1,0
BRDA:93,9,0,0
BRDA:93,9,1,0
BRDA:97,10,0,0
BRDA:97,10,1,0
BRDA:97,11,0,0
BRDA:97,11,1,0
BRDA:101,12,0,0
BRDA:101,12,1,0
BRDA:101,13,0,0
BRDA:101,13,1,0
BRDA:109,14,0,0
BRDA:109,14,1,0
BRDA:109,15,0,0
BRDA:109,15,1,0
BRDA:113,16,0,0
BRDA:113,16,1,0
BRDA:113,17,0,0
BRDA:113,17,1,0
BRDA:117,18,0,0
BRDA:117,18,1,0
BRDA:117,19,0,0
BRDA:117,19,1,0
BRDA:127,20,0,0
BRDA:127,20,1,0
BRDA:127,21,0,0
BRDA:127,21,1,0
BRDA:131,22,0,0
BRDA:131,22,1,0
BRDA:131,23,0,0
BRDA:131,23,1,0
BRDA:135,24,0,0
BRDA:135,24,1,0
BRDA:135,25,0,0
BRDA:135,25,1,0
BRF:52
BRH:4
end_of_record
