TN:
SF:Task 5/index.js
FN:18,(anonymous_0)
FN:19,(anonymous_1)
FN:20,(anonymous_2)
FN:27,(anonymous_3)
FN:27,(anonymous_4)
FN:29,(anonymous_5)
FN:32,(anonymous_6)
FN:33,(anonymous_7)
FN:37,(anonymous_8)
FN:38,(anonymous_9)
FN:43,(anonymous_10)
FN:44,(anonymous_11)
FN:57,(anonymous_12)
FN:69,(anonymous_13)
FN:72,(anonymous_14)
FN:82,(anonymous_15)
FN:88,(anonymous_16)
FN:95,(anonymous_17)
FN:212,(anonymous_18)
FNF:19
FNH:19
FNDA:4,(anonymous_0)
FNDA:16,(anonymous_1)
FNDA:208,(anonymous_2)
FNDA:3,(anonymous_3)
FNDA:661,(anonymous_4)
FNDA:2,(anonymous_5)
FNDA:10,(anonymous_6)
FNDA:10,(anonymous_7)
FNDA:10,(anonymous_8)
FNDA:10,(anonymous_9)
FNDA:10,(anonymous_10)
FNDA:50,(anonymous_11)
FNDA:3,(anonymous_12)
FNDA:5,(anonymous_13)
FNDA:25,(anonymous_14)
FNDA:4,(anonymous_15)
FNDA:17,(anonymous_16)
FNDA:1,(anonymous_17)
FNDA:1,(anonymous_18)
DA:1,1
DA:2,1
DA:18,1
DA:19,4
DA:20,208
DA:21,16
DA:24,4
DA:27,661
DA:29,1
DA:30,2
DA:32,10
DA:33,10
DA:35,2
DA:37,10
DA:38,10
DA:40,2
DA:43,1
DA:44,10
DA:45,50
DA:46,12
DA:48,38
DA:51,50
DA:54,10
DA:57,1
DA:58,3
DA:59,3
DA:60,15
DA:62,3
DA:63,3
DA:64,1
DA:66,2
DA:69,1
DA:70,5
DA:72,5
DA:73,25
DA:74,25
DA:75,9
DA:79,5
DA:82,1
DA:83,4
DA:84,4
DA:85,20
DA:87,4
DA:88,17
DA:89,1
DA:91,3
DA:95,1
DA:97,1
DA:98,1
DA:100,1
DA:101,0
DA:104,1
DA:105,0
DA:108,1
DA:109,0
DA:113,1
DA:114,1
DA:116,1
DA:117,0
DA:120,1
DA:121,0
DA:124,1
DA:125,0
DA:129,1
DA:130,1
DA:132,1
DA:133,0
DA:136,1
DA:137,0
DA:140,1
DA:141,0
DA:145,1
DA:146,1
DA:148,1
DA:149,0
DA:152,1
DA:153,0
DA:156,1
DA:157,0
DA:162,1
DA:163,1
DA:165,1
DA:166,0
DA:169,1
DA:170,0
DA:173,1
DA:174,0
DA:178,1
DA:179,1
DA:181,1
DA:182,0
DA:185,1
DA:186,1
DA:189,0
DA:190,0
DA:194,0
DA:208,0
DA:212,1
DA:214,1
DA:217,1
DA:220,1
DA:222,1
DA:224,1
DA:227,1
DA:229,1
LF:105
LH:85
BRDA:45,0,0,12
BRDA:45,0,1,38
BRDA:60,1,0,15
BRDA:60,1,1,11
BRDA:63,2,0,1
BRDA:63,2,1,2
BRDA:63,3,0,3
BRDA:63,3,1,1
BRDA:63,3,2,3
BRDA:63,3,3,1
BRDA:74,4,0,9
BRDA:74,4,1,16
BRDA:85,5,0,20
BRDA:85,5,1,17
BRDA:88,6,0,1
BRDA:88,6,1,3
BRDA:100,7,0,0
BRDA:100,7,1,1
BRDA:100,8,0,1
BRDA:100,8,1,0
BRDA:104,9,0,0
BRDA:104,9,1,1
BRDA:104,10,0,1
BRDA:104,10,1,0
BRDA:108,11,0,0
BRDA:108,11,1,1
BRDA:108,12,0,1
BRDA:108,12,1,1
BRDA:116,13,0,0
BRDA:116,13,1,1
BRDA:116,14,0,1
BRDA:116,14,1,0
BRDA:120,15,0,0
BRDA:120,15,1,1
BRDA:120,16,0,1
BRDA:120,16,1,0
BRDA:124,17,0,0
BRDA:124,17,1,1
BRDA:124,18,0,1
BRDA:124,18,1,1
BRDA:132,19,0,0
BRDA:132,19,1,1
BRDA:132,20,0,1
BRDA:132,20,1,0
BRDA:136,21,0,0
BRDA:136,21,1,1
BRDA:136,22,0,1
BRDA:136,22,1,0
BRDA:140,23,0,0
BRDA:140,23,1,1
BRDA:140,24,0,1
BRDA:140,24,1,1
BRDA:148,25,0,0
BRDA:148,25,1,1
BRDA:148,26,0,1
BRDA:148,26,1,0
BRDA:152,27,0,0
BRDA:152,27,1,1
BRDA:152,28,0,1
BRDA:152,28,1,0
BRDA:156,29,0,0
BRDA:156,29,1,1
BRDA:156,30,0,1
BRDA:156,30,1,1
BRDA:165,31,0,0
BRDA:165,31,1,1
BRDA:165,32,0,1
BRDA:165,32,1,0
BRDA:169,33,0,0
BRDA:169,33,1,1
BRDA:169,34,0,1
BRDA:169,34,1,0
BRDA:173,35,0,0
BRDA:173,35,1,1
BRDA:173,36,0,1
BRDA:173,36,1,1
BRDA:181,37,0,0
BRDA:181,37,1,1
BRDA:181,38,0,1
BRDA:181,38,1,1
BRDA:185,39,0,1
BRDA:185,39,1,0
BRDA:185,40,0,1
BRDA:185,40,1,1
BRDA:189,41,0,0
BRDA:189,41,1,0
BRDA:189,42,0,0
BRDA:189,42,1,0
BRDA:194,43,0,0
BRDA:194,43,1,0
BRDA:195,44,0,0
BRDA:195,44,1,0
BRDA:195,44,2,0
BRDA:195,44,3,0
BRDA:195,44,4,0
BRDA:195,44,5,0
BRDA:195,44,6,0
BRDA:195,44,7,0
BRDA:195,44,8,0
BRDA:195,44,9,0
BRDA:195,44,10,0
BRDA:195,44,11,0
BRF:102
BRH:57
end_of_record
